<?xml version="1.0" encoding="UTF-8"?>
<testng-results ignored="0" total="1" passed="1" failed="0" skipped="0">
  <reporter-output>
  </reporter-output>
  <suite started-at="2020-03-04T21:25:21 EST" name="Default suite" finished-at="2020-03-04T21:25:55 EST" duration-ms="33537">
    <groups>
    </groups>
    <test started-at="2020-03-04T21:25:21 EST" name="Default test" finished-at="2020-03-04T21:25:55 EST" duration-ms="33537">
      <class name="test.Medical">
        <test-method signature="createPatient()[pri:0, instance:test.Medical@79ad8b2f]" started-at="2020-03-04T21:25:21 EST" name="createPatient" finished-at="2020-03-04T21:25:55 EST" duration-ms="33476" status="PASS">
          <reporter-output>
          </reporter-output>
        </test-method> <!-- createPatient -->
      </class> <!-- test.Medical -->
    </test> <!-- Default test -->
  </suite> <!-- Default suite -->
</testng-results>
